# JRE version: OpenJDK Runtime Environment (8.0_152-b01) (build 1.8.0_152-release-1343-b01)
# Java VM: OpenJDK 64-Bit Server VM (25.152-b01 mixed mode windows-amd64 compressed oops)
Heap:
 PSYoungGen      total 235008K, used 48954K [0x00000000eab00000, 0x00000000ff500000, 0x0000000100000000)
  eden space 129536K, 19% used [0x00000000eab00000,0x00000000ec3b4ef0,0x00000000f2980000)
  from space 105472K, 22% used [0x00000000f8d00000,0x00000000fa419b50,0x00000000ff400000)
  to   space 101888K, 0% used [0x00000000f2980000,0x00000000f2980000,0x00000000f8d00000)
 ParOldGen       total 586752K, used 297107K [0x00000000c0000000, 0x00000000e3d00000, 0x00000000eab00000)
  object space 586752K, 50% used [0x00000000c0000000,0x00000000d2224ed8,0x00000000e3d00000)
 Metaspace       used 125305K, capacity 130885K, committed 132952K, reserved 1165312K
  class space    used 15002K, capacity 16037K, committed 16512K, reserved 1048576K
GC Heap History (10 events):
Event: 14809.217 GC heap before
{Heap before GC invocations=189 (full 10):
 PSYoungGen      total 232960K, used 144708K [0x00000000eab00000, 0x0000000100000000, 0x0000000100000000)
  eden space 116736K, 100% used [0x00000000eab00000,0x00000000f1d00000,0x00000000f1d00000)
  from space 116224K, 24% used [0x00000000f8e80000,0x00000000fa9d1098,0x0000000100000000)
  to   space 116224K, 0% used [0x00000000f1d00000,0x00000000f1d00000,0x00000000f8e80000)
 ParOldGen       total 427520K, used 301582K [0x00000000c0000000, 0x00000000da180000, 0x00000000eab00000)
  object space 427520K, 70% used [0x00000000c0000000,0x00000000d2683bc0,0x00000000da180000)
 Metaspace       used 125302K, capacity 130885K, committed 132952K, reserved 1165312K
  class space    used 15001K, capacity 16037K, committed 16512K, reserved 1048576K
Event: 14810.214 GC heap after
Heap after GC invocations=189 (full 10):
 PSYoungGen      total 145920K, used 29034K [0x00000000eab00000, 0x00000000ffb00000, 0x0000000100000000)
  eden space 116736K, 0% used [0x00000000eab00000,0x00000000eab00000,0x00000000f1d00000)
  from space 29184K, 99% used [0x00000000f1d00000,0x00000000f395a9a0,0x00000000f3980000)
  to   space 113664K, 0% used [0x00000000f8c00000,0x00000000f8c00000,0x00000000ffb00000)
 ParOldGen       total 427520K, used 328656K [0x00000000c0000000, 0x00000000da180000, 0x00000000eab00000)
  object space 427520K, 76% used [0x00000000c0000000,0x00000000d40f4340,0x00000000da180000)
 Metaspace       used 125302K, capacity 130885K, committed 132952K, reserved 1165312K
  class space    used 15001K, capacity 16037K, committed 16512K, reserved 1048576K
}
Event: 14810.527 GC heap before
{Heap before GC invocations=190 (full 10):
 PSYoungGen      total 145920K, used 145770K [0x00000000eab00000, 0x00000000ffb00000, 0x0000000100000000)
  eden space 116736K, 100% used [0x00000000eab00000,0x00000000f1d00000,0x00000000f1d00000)
  from space 29184K, 99% used [0x00000000f1d00000,0x00000000f395a9a0,0x00000000f3980000)
  to   space 113664K, 0% used [0x00000000f8c00000,0x00000000f8c00000,0x00000000ffb00000)
 ParOldGen       total 427520K, used 328656K [0x00000000c0000000, 0x00000000da180000, 0x00000000eab00000)
  object space 427520K, 76% used [0x00000000c0000000,0x00000000d40f4340,0x00000000da180000)
 Metaspace       used 125302K, capacity 130885K, committed 132952K, reserved 1165312K
  class space    used 15001K, capacity 16037K, committed 16512K, reserved 1048576K
Event: 14810.842 GC heap after
Heap after GC invocations=190 (full 10):
 PSYoungGen      total 234496K, used 27298K [0x00000000eab00000, 0x0000000100000000, 0x0000000100000000)
  eden space 120832K, 0% used [0x00000000eab00000,0x00000000eab00000,0x00000000f2100000)
  from space 113664K, 24% used [0x00000000f8c00000,0x00000000fa6a8aa8,0x00000000ffb00000)
  to   space 109568K, 0% used [0x00000000f2100000,0x00000000f2100000,0x00000000f8c00000)
 ParOldGen       total 427520K, used 357227K [0x00000000c0000000, 0x00000000da180000, 0x00000000eab00000)
  object space 427520K, 83% used [0x00000000c0000000,0x00000000d5cdada8,0x00000000da180000)
 Metaspace       used 125302K, capacity 130885K, committed 132952K, reserved 1165312K
  class space    used 15001K, capacity 16037K, committed 16512K, reserved 1048576K
}
Event: 14811.448 GC heap before
{Heap before GC invocations=191 (full 10):
 PSYoungGen      total 234496K, used 148130K [0x00000000eab00000, 0x0000000100000000, 0x0000000100000000)
  eden space 120832K, 100% used [0x00000000eab00000,0x00000000f2100000,0x00000000f2100000)
  from space 113664K, 24% used [0x00000000f8c00000,0x00000000fa6a8aa8,0x00000000ffb00000)
  to   space 109568K, 0% used [0x00000000f2100000,0x00000000f2100000,0x00000000f8c00000)
 ParOldGen       total 427520K, used 357227K [0x00000000c0000000, 0x00000000da180000, 0x00000000eab00000)
  object space 427520K, 83% used [0x00000000c0000000,0x00000000d5cdada8,0x00000000da180000)
 Metaspace       used 125302K, capacity 130885K, committed 132952K, reserved 1165312K
  class space    used 15001K, capacity 16037K, committed 16512K, reserved 1048576K
Event: 14811.746 GC heap after
Heap after GC invocations=191 (full 10):
 PSYoungGen      total 230400K, used 26963K [0x00000000eab00000, 0x00000000ff400000, 0x0000000100000000)
  eden space 120832K, 0% used [0x00000000eab00000,0x00000000eab00000,0x00000000f2100000)
  from space 109568K, 24% used [0x00000000f2100000,0x00000000f3b54f30,0x00000000f8c00000)
  to   space 105472K, 0% used [0x00000000f8d00000,0x00000000f8d00000,0x00000000ff400000)
 ParOldGen       total 427520K, used 384624K [0x00000000c0000000, 0x00000000da180000, 0x00000000eab00000)
  object space 427520K, 89% used [0x00000000c0000000,0x00000000d779c000,0x00000000da180000)
 Metaspace       used 125302K, capacity 130885K, committed 132952K, reserved 1165312K
  class space    used 15001K, capacity 16037K, committed 16512K, reserved 1048576K
}
Event: 14811.746 GC heap before
{Heap before GC invocations=192 (full 11):
 PSYoungGen      total 230400K, used 26963K [0x00000000eab00000, 0x00000000ff400000, 0x0000000100000000)
  eden space 120832K, 0% used [0x00000000eab00000,0x00000000eab00000,0x00000000f2100000)
  from space 109568K, 24% used [0x00000000f2100000,0x00000000f3b54f30,0x00000000f8c00000)
  to   space 105472K, 0% used [0x00000000f8d00000,0x00000000f8d00000,0x00000000ff400000)
 ParOldGen       total 427520K, used 384624K [0x00000000c0000000, 0x00000000da180000, 0x00000000eab00000)
  object space 427520K, 89% used [0x00000000c0000000,0x00000000d779c000,0x00000000da180000)
 Metaspace       used 125302K, capacity 130885K, committed 132952K, reserved 1165312K
  class space    used 15001K, capacity 16037K, committed 16512K, reserved 1048576K
Event: 14814.238 GC heap after
Heap after GC invocations=192 (full 11):
 PSYoungGen      total 230400K, used 0K [0x00000000eab00000, 0x00000000ff400000, 0x0000000100000000)
  eden space 120832K, 0% used [0x00000000eab00000,0x00000000eab00000,0x00000000f2100000)
  from space 109568K, 0% used [0x00000000f2100000,0x00000000f2100000,0x00000000f8c00000)
  to   space 105472K, 0% used [0x00000000f8d00000,0x00000000f8d00000,0x00000000ff400000)
 ParOldGen       total 586752K, used 297107K [0x00000000c0000000, 0x00000000e3d00000, 0x00000000eab00000)
  object space 586752K, 50% used [0x00000000c0000000,0x00000000d2224ed8,0x00000000e3d00000)
 Metaspace       used 125302K, capacity 130885K, committed 132952K, reserved 1165312K
  class space    used 15001K, capacity 16037K, committed 16512K, reserved 1048576K
}
Event: 14814.772 GC heap before
{Heap before GC invocations=193 (full 11):
 PSYoungGen      total 230400K, used 120832K [0x00000000eab00000, 0x00000000ff400000, 0x0000000100000000)
  eden space 120832K, 100% used [0x00000000eab00000,0x00000000f2100000,0x00000000f2100000)
  from space 109568K, 0% used [0x00000000f2100000,0x00000000f2100000,0x00000000f8c00000)
  to   space 105472K, 0% used [0x00000000f8d00000,0x00000000f8d00000,0x00000000ff400000)
 ParOldGen       total 586752K, used 297107K [0x00000000c0000000, 0x00000000e3d00000, 0x00000000eab00000)
  object space 586752K, 50% used [0x00000000c0000000,0x00000000d2224ed8,0x00000000e3d00000)
 Metaspace       used 125305K, capacity 130885K, committed 132952K, reserved 1165312K
  class space    used 15002K, capacity 16037K, committed 16512K, reserved 1048576K
Event: 14814.842 GC heap after
Heap after GC invocations=193 (full 11):
 PSYoungGen      total 235008K, used 23654K [0x00000000eab00000, 0x00000000ff500000, 0x0000000100000000)
  eden space 129536K, 0% used [0x00000000eab00000,0x00000000eab00000,0x00000000f2980000)
  from space 105472K, 22% used [0x00000000f8d00000,0x00000000fa419b50,0x00000000ff400000)
  to   space 101888K, 0% used [0x00000000f2980000,0x00000000f2980000,0x00000000f8d00000)
 ParOldGen       total 586752K, used 297107K [0x00000000c0000000, 0x00000000e3d00000, 0x00000000eab00000)
  object space 586752K, 50% used [0x00000000c0000000,0x00000000d2224ed8,0x00000000e3d00000)
 Metaspace       used 125305K, capacity 130885K, committed 132952K, reserved 1165312K
  class space    used 15002K, capacity 16037K, committed 16512K, reserved 1048576K
}

